Using pre-set license
Built from '2020.2/release' branch; Version is '2020.2.4f1 (becced5a802b) revision 12504301'; Using compiler version '192528614'; Build Type 'Release'
OS: 'Windows 10 Home; OS build 19041.985; Version 2004; 64bit' Language: 'en' Physical Memory: 8065 MB
BatchMode: 1, IsHumanControllingUs: 0, StartBugReporterOnCrash: 0, Is64bit: 1, IsPro: 0

 COMMAND LINE ARGUMENTS:
C:\Program Files\Unity\Hub\Editor\2020.2.4f1\Editor\Unity.exe
-adb2
-batchMode
-noUpm
-name
AssetImportWorker0
-projectPath
C:/Users/berna/Unity Projects/Zombiemania/Zombiemania
-logFile
Logs/AssetImportWorker0.log
-srvPort
57413
Successfully changed project path to: C:/Users/berna/Unity Projects/Zombiemania/Zombiemania
C:/Users/berna/Unity Projects/Zombiemania/Zombiemania
Using Asset Import Pipeline V2.
Refreshing native plugins compatible for Editor in 116.85 ms, found 1 plugins.
Preloading 0 native plugins for Editor in 0.00 ms.
Initialize engine version: 2020.2.4f1 (becced5a802b)
[Subsystems] Discovering subsystems at path C:/Program Files/Unity/Hub/Editor/2020.2.4f1/Editor/Data/Resources/UnitySubsystems
[Subsystems] Discovering subsystems at path C:/Users/berna/Unity Projects/Zombiemania/Zombiemania/Assets
GfxDevice: creating device client; threaded=0
Direct3D:
    Version:  Direct3D 11.0 [level 11.1]
    Renderer: Intel(R) UHD Graphics 620 (ID=0x5917)
    Vendor:   
    VRAM:     4032 MB
    Driver:   25.20.100.6446
Initialize mono
Mono path[0] = 'C:/Program Files/Unity/Hub/Editor/2020.2.4f1/Editor/Data/Managed'
Mono path[1] = 'C:/Program Files/Unity/Hub/Editor/2020.2.4f1/Editor/Data/MonoBleedingEdge/lib/mono/unityjit'
Mono config path = 'C:/Program Files/Unity/Hub/Editor/2020.2.4f1/Editor/Data/MonoBleedingEdge/etc'
Using monoOptions --debugger-agent=transport=dt_socket,embedding=1,server=y,suspend=n,address=127.0.0.1:56436
Begin MonoManager ReloadAssembly
Registering precompiled unity dll's ...
Register platform support module: C:/Program Files/Unity/Hub/Editor/2020.2.4f1/Editor/Data/PlaybackEngines/WebGLSupport/UnityEditor.WebGL.Extensions.dll
Register platform support module: C:/Program Files/Unity/Hub/Editor/2020.2.4f1/Editor/Data/PlaybackEngines/WindowsStandaloneSupport/UnityEditor.WindowsStandalone.Extensions.dll
Registered in 0.007798 seconds.
Native extension for WindowsStandalone target not found
Native extension for WebGL target not found
Refreshing native plugins compatible for Editor in 119.89 ms, found 1 plugins.
Preloading 0 native plugins for Editor in 0.00 ms.
Invoked RoslynAnalysisRunner static constructor.
RoslynAnalysisRunner will not be running.
RoslynAnalysisRunner has terminated.
Mono: successfully reloaded assembly
- Completed reload, in  8.108 seconds
Platform modules already initialized, skipping
Registering precompiled user dll's ...
Registered in 0.005740 seconds.
Begin MonoManager ReloadAssembly
Native extension for WindowsStandalone target not found
Native extension for WebGL target not found
Refreshing native plugins compatible for Editor in 99.18 ms, found 1 plugins.
Preloading 0 native plugins for Editor in 0.00 ms.
Invoked RoslynAnalysisRunner static constructor.
RoslynAnalysisRunner will not be running.
RoslynAnalysisRunner has terminated.
Mono: successfully reloaded assembly
- Completed reload, in  2.977 seconds
Platform modules already initialized, skipping
========================================================================
Worker process is ready to serve import requests
Launched and connected shader compiler UnityShaderCompiler.exe after 0.19 seconds
Refreshing native plugins compatible for Editor in 0.76 ms, found 1 plugins.
Preloading 0 native plugins for Editor in 0.00 ms.
Unloading 1936 Unused Serialized files (Serialized files now loaded: 0)
System memory in use before: 101.7 MB.
System memory in use after: 101.7 MB.

Unloading 25 unused Assets to reduce memory usage. Loaded Objects now: 2398.
Total: 7.016000 ms (FindLiveObjects: 0.766100 ms CreateObjectMapping: 0.283800 ms MarkObjects: 5.532600 ms  DeleteObjects: 0.430300 ms)

========================================================================
Received Import Request.
  path: Assets/Scenes/Nivel2.unity
  artifactKey: Guid(a08ace6c85bdcc1479c2694745bb2541) Importer(815301076,1909f56bfc062723c751e8b465ee728b)
Start importing Assets/Scenes/Nivel2.unity using Guid(a08ace6c85bdcc1479c2694745bb2541) Importer(815301076,1909f56bfc062723c751e8b465ee728b)  -> (artifact id: 'd5fd875059df42421a1d34549d2c8e21') in 0.068851 seconds
  Import took 0.082519 seconds .

========================================================================
Received Prepare
Refreshing native plugins compatible for Editor in 8.92 ms, found 1 plugins.
Preloading 0 native plugins for Editor in 0.00 ms.
Unloading 11 Unused Serialized files (Serialized files now loaded: 0)
System memory in use before: 63.5 MB.
System memory in use after: 63.5 MB.

Unloading 11 unused Assets to reduce memory usage. Loaded Objects now: 2398.
Total: 10.865500 ms (FindLiveObjects: 0.635600 ms CreateObjectMapping: 0.304100 ms MarkObjects: 9.564700 ms  DeleteObjects: 0.354800 ms)

========================================================================
Received Import Request.
  Time since last request: 808.499715 seconds.
  path: Assets/Scenes/Nivel3.unity
  artifactKey: Guid(621c257fd1580504c8d6aa1aefa993e0) Importer(815301076,1909f56bfc062723c751e8b465ee728b)
Start importing Assets/Scenes/Nivel3.unity using Guid(621c257fd1580504c8d6aa1aefa993e0) Importer(815301076,1909f56bfc062723c751e8b465ee728b)  -> (artifact id: 'd392b9edc3494056c45e49b98754b07e') in 0.025521 seconds
  Import took 0.036602 seconds .

========================================================================
Received Import Request.
  Time since last request: 11603.925011 seconds.
  path: Assets/Backgrounds/Background3.png
  artifactKey: Guid(f9490a73713e3894e9f1b432b5211092) Importer(815301076,1909f56bfc062723c751e8b465ee728b)
Start importing Assets/Backgrounds/Background3.png using Guid(f9490a73713e3894e9f1b432b5211092) Importer(815301076,1909f56bfc062723c751e8b465ee728b)  -> (artifact id: '880a14160308a93d17964601624254ff') in 0.469111 seconds
  Import took 0.483069 seconds .

========================================================================
Received Prepare
Registering precompiled user dll's ...
Registered in 0.003296 seconds.
Begin MonoManager ReloadAssembly
Native extension for WindowsStandalone target not found
Native extension for WebGL target not found
Refreshing native plugins compatible for Editor in 0.79 ms, found 1 plugins.
Preloading 0 native plugins for Editor in 0.00 ms.
Invoked RoslynAnalysisRunner static constructor.
RoslynAnalysisRunner will not be running.
RoslynAnalysisRunner has terminated.
Mono: successfully reloaded assembly
- Completed reload, in  2.706 seconds
Platform modules already initialized, skipping
Refreshing native plugins compatible for Editor in 0.93 ms, found 1 plugins.
Preloading 0 native plugins for Editor in 0.00 ms.
Unloading 1929 Unused Serialized files (Serialized files now loaded: 0)
System memory in use before: 104.6 MB.
System memory in use after: 104.6 MB.

Unloading 13 unused Assets to reduce memory usage. Loaded Objects now: 2407.
Total: 11.297100 ms (FindLiveObjects: 1.281800 ms CreateObjectMapping: 0.991000 ms MarkObjects: 8.450800 ms  DeleteObjects: 0.568100 ms)

========================================================================
Received Prepare
Registering precompiled user dll's ...
Registered in 0.002985 seconds.
Begin MonoManager ReloadAssembly
Native extension for WindowsStandalone target not found
Native extension for WebGL target not found
Refreshing native plugins compatible for Editor in 0.84 ms, found 1 plugins.
Preloading 0 native plugins for Editor in 0.00 ms.
Invoked RoslynAnalysisRunner static constructor.
RoslynAnalysisRunner will not be running.
RoslynAnalysisRunner has terminated.
Mono: successfully reloaded assembly
- Completed reload, in  1.785 seconds
Platform modules already initialized, skipping
Refreshing native plugins compatible for Editor in 0.74 ms, found 1 plugins.
Preloading 0 native plugins for Editor in 0.00 ms.
Unloading 1929 Unused Serialized files (Serialized files now loaded: 0)
System memory in use before: 104.7 MB.
System memory in use after: 104.7 MB.

Unloading 13 unused Assets to reduce memory usage. Loaded Objects now: 2410.
Total: 4.611800 ms (FindLiveObjects: 0.581800 ms CreateObjectMapping: 0.201300 ms MarkObjects: 3.601000 ms  DeleteObjects: 0.224100 ms)

AssetImportWorkerClient::OnTransportError - code=2 error=End of file
